number,value,datetime_start,datetime_complete,duration,params_learning_rate,user_attrs_auc,user_attrs_collapsed,user_attrs_f1,user_attrs_precision,user_attrs_recall,state
0,0.8274080254057109,2026-09-30 21:26:49.719172,2026-09-30 21:28:54.634764,0 days 00:02:04.915592,0.00023688639503640813,0.9318135819296381,False,0.8274080254057109,0.9905277401894452,0.7104168592291339,COMPLETE
1,0.839857841434412,2026-09-30 21:28:55.054668,2026-09-30 21:31:05.165725,0 days 00:02:10.111057,0.0008927180304353628,0.9222872021737646,False,0.839857841434412,0.9955654101995566,0.7262686015343377,COMPLETE
2,0.8388988087306452,2026-09-30 21:31:05.486843,2026-09-30 21:33:08.513500,0 days 00:02:03.026657,0.0005395030966670229,0.9287426749408318,False,0.8388988087306452,0.9908089392508656,0.7273777613457806,COMPLETE
3,0.831241583625101,2026-09-30 21:33:08.826553,2026-09-30 21:35:08.660770,0 days 00:01:59.834217,0.00039687933304443713,0.9263991350726887,False,0.831241583625101,0.9961270333075135,0.713189758757741,COMPLETE
4,0.8201618597577535,2026-09-30 21:35:08.967561,2026-09-30 21:37:09.136486,0 days 00:02:00.168925,0.0001432249371823026,0.9282235678929076,False,0.8201618597577535,0.9944678609062171,0.6978463813661152,COMPLETE
5,0.7733175582410772,2026-09-30 21:37:09.459760,2026-09-30 21:39:08.837273,0 days 00:01:59.377513,0.00014321698289111514,0.9271387383376346,False,0.7733175582410772,0.9902604429694827,0.634346982161013,COMPLETE
6,0.805137655051019,2026-09-30 21:39:09.144999,2026-09-30 21:41:16.428726,0 days 00:02:07.283727,0.00011430983876313228,0.919575773838839,False,0.805137655051019,0.9942938659058488,0.6764488400036972,COMPLETE
7,0.7985242309079309,2026-09-30 21:41:16.747276,2026-09-30 21:43:14.694426,0 days 00:01:57.947150,0.0007348118405270452,0.9297469977576651,False,0.7985242309079309,0.9987509541322601,0.665172381920695,COMPLETE
8,0.8418522672648614,2026-09-30 21:43:15.012148,2026-09-30 21:45:12.663770,0 days 00:01:57.651622,0.0003991305878561678,0.9292009579502007,False,0.8418522672648614,0.99709008097166,0.7284407061650799,COMPLETE
9,0.8326475729460804,2026-09-30 21:45:12.959775,2026-09-30 21:47:10.318786,0 days 00:01:57.359011,0.0005105903209394755,0.9279679832666785,False,0.8326475729460804,0.9957548080015437,0.7154542933727701,COMPLETE
10,-0.005588747560977936,2026-09-30 21:47:10.669589,2026-09-30 21:47:25.658851,0 days 00:00:14.989262,0.0002669905764973342,,,,,,PRUNED
11,0.8320339803215226,2026-09-30 21:47:25.983761,2026-09-30 21:49:20.845955,0 days 00:01:54.862194,0.000881456961766931,0.9259840587452481,False,0.8320339803215226,0.9945372750642674,0.7151770034199094,COMPLETE
12,0.8198872763906663,2026-09-30 21:49:21.294657,2026-09-30 21:51:20.840050,0 days 00:01:59.545393,0.0009379837565004676,0.9339192741344075,False,0.8198872763906663,0.9978129763403805,0.6958129217118033,COMPLETE
13,-0.005554173607379198,2026-09-30 21:51:21.294215,2026-09-30 21:51:36.408331,0 days 00:00:15.114116,0.0003584228266737254,,,,,,PRUNED
14,0.8123511538145685,2026-09-30 21:51:36.737668,2026-09-30 21:53:30.659995,0 days 00:01:53.922327,0.0006156441729636034,0.9281423456529259,False,0.8123511538145685,0.9963069898610085,0.6857380534245309,COMPLETE
15,-0.006119187455624342,2026-09-30 21:53:30.956960,2026-09-30 21:53:46.026346,0 days 00:00:15.069386,0.00019978589477884478,,,,,,PRUNED
16,-0.0037066619843244553,2026-09-30 21:53:46.351314,2026-09-30 21:54:01.434536,0 days 00:00:15.083222,0.00044222386255624507,,,,,,PRUNED
17,0.806230563888048,2026-09-30 21:54:01.776590,2026-09-30 21:55:56.409321,0 days 00:01:54.632731,0.0006770811030032063,0.9282245621196772,False,0.806230563888048,0.9965303762160691,0.6769572049172752,COMPLETE
18,-0.0059061250649392605,2026-09-30 21:55:56.849649,2026-09-30 21:56:12.452924,0 days 00:00:15.603275,0.00031235200742910893,,,,,,PRUNED
19,0.8316682375117813,2026-09-30 21:56:12.780570,2026-09-30 21:58:11.060230,0 days 00:01:58.279660,0.0009779990252996996,0.9253015727937044,False,0.8316682375117813,0.9964509259856746,0.7136519086791755,COMPLETE
20,-0.008173368871212006,2026-09-30 21:58:11.504591,2026-09-30 21:58:27.548187,0 days 00:00:16.043596,0.00019088023202730502,,,,,,PRUNED
21,-0.0031538258772343397,2026-09-30 21:58:27.928586,2026-09-30 21:58:43.249143,0 days 00:00:15.320557,0.0005574173188305984,,,,,,PRUNED
22,-0.0034883134067058563,2026-09-30 21:58:43.603374,2026-09-30 21:58:59.388389,0 days 00:00:15.785015,0.0004675510870955429,,,,,,PRUNED
23,-0.0010538591304793954,2026-09-30 21:58:59.721720,2026-09-30 21:59:47.917873,0 days 00:00:48.196153,0.000765965066434563,,,,,,PRUNED
24,-0.0007452372228726745,2026-09-30 21:59:48.265932,2026-09-30 22:01:09.892133,0 days 00:01:21.626201,0.0005799787975681711,,,,,,PRUNED
25,-0.004595788661390543,2026-09-30 22:01:10.265657,2026-09-30 22:01:25.115544,0 days 00:00:14.849887,0.00030976846233226013,,,,,,PRUNED
26,-0.002919707214459777,2026-09-30 22:01:25.404657,2026-09-30 22:01:40.463002,0 days 00:00:15.058345,0.00040260832521535724,,,,,,PRUNED
27,-0.002692714100703597,2026-09-30 22:01:40.788269,2026-09-30 22:01:55.865667,0 days 00:00:15.077398,0.0008229590001337455,,,,,,PRUNED
28,-0.0015148927923291922,2026-09-30 22:01:56.285764,2026-09-30 22:02:25.296135,0 days 00:00:29.010371,0.000664452669531479,,,,,,PRUNED
29,-0.005680726375430822,2026-09-30 22:02:25.606089,2026-09-30 22:02:41.237309,0 days 00:00:15.631220,0.00025833727825303387,,,,,,PRUNED
30,-0.002923141000792384,2026-09-30 22:02:41.540688,2026-09-30 22:02:56.607822,0 days 00:00:15.067134,0.0005189647895252001,,,,,,PRUNED
31,-0.004093978554010391,2026-09-30 22:02:56.935939,2026-09-30 22:03:12.660667,0 days 00:00:15.724728,0.0004892564965620164,,,,,,PRUNED
32,-0.005118846893310547,2026-09-30 22:03:12.969508,2026-09-30 22:03:27.991422,0 days 00:00:15.021914,0.00036726781241350193,,,,,,PRUNED
33,-0.0042982157319784164,2026-09-30 22:03:28.308119,2026-09-30 22:03:43.701114,0 days 00:00:15.392995,0.0004344891471976268,,,,,,PRUNED
34,-0.0027101344894617796,2026-09-30 22:03:44.067353,2026-09-30 22:03:59.344497,0 days 00:00:15.277144,0.0005203433893269147,,,,,,PRUNED
35,-0.0048090629279613495,2026-09-30 22:03:59.706459,2026-09-30 22:04:14.805173,0 days 00:00:15.098714,0.00034981371883728454,,,,,,PRUNED
36,-0.0008909647003747523,2026-09-30 22:04:15.129562,2026-09-30 22:05:12.833221,0 days 00:00:57.703659,0.0006239351799186523,,,,,,PRUNED
37,-0.0015523998299613595,2026-09-30 22:05:13.182441,2026-09-30 22:05:39.435590,0 days 00:00:26.253149,0.0007443191392962643,,,,,,PRUNED
38,-0.0040490953251719475,2026-09-30 22:05:39.852534,2026-09-30 22:05:55.471260,0 days 00:00:15.618726,0.00040805239754923176,,,,,,PRUNED
39,-0.004642125219106674,2026-09-30 22:05:55.917609,2026-09-30 22:06:11.452599,0 days 00:00:15.534990,0.00028611679835739646,,,,,,PRUNED
40,-0.002733423840254545,2026-09-30 22:06:11.796469,2026-09-30 22:06:26.978394,0 days 00:00:15.181925,0.0008496962431257386,,,,,,PRUNED
41,0.8381396096071974,2026-09-30 22:06:27.418297,2026-09-30 22:08:24.916020,0 days 00:01:57.497723,0.00094620643410113,0.9229180235744046,False,0.8381396096071974,0.9963078490037558,0.7233108420371569,COMPLETE
42,0.8093920381380312,2026-09-30 22:08:25.250651,2026-09-30 22:10:29.220050,0 days 00:02:03.969399,0.000697102660490812,0.9270041354109606,False,0.8093920381380312,0.9939438799542426,0.6826416489509197,COMPLETE
43,0.8357016462008687,2026-09-30 22:10:29.627282,2026-09-30 22:12:26.396544,0 days 00:01:56.769262,0.0009955436188514672,0.922439692638991,False,0.8357016462008687,0.9952107279693486,0.720260652555689,COMPLETE
44,-0.0017492306651547551,2026-09-30 22:12:26.719712,2026-09-30 22:12:46.160250,0 days 00:00:19.440538,0.0009962936197219785,,,,,,PRUNED
45,-0.0005674134008586407,2026-09-30 22:12:46.596469,2026-09-30 22:14:33.401799,0 days 00:01:46.805330,0.0008433200620646149,,,,,,PRUNED
46,0.838752843570186,2026-09-30 22:14:33.736822,2026-09-30 22:16:31.769259,0 days 00:01:58.032437,0.0009048585383376795,0.935259237656729,False,0.838752843570186,0.9963756596935207,0.7241889268878824,COMPLETE
47,-0.0013508328702300787,2026-09-30 22:16:32.121761,2026-09-30 22:17:00.133201,0 days 00:00:28.011440,0.0008952716161588703,,,,,,PRUNED
48,-0.0024397908709943295,2026-09-30 22:17:00.454910,2026-09-30 22:17:16.210687,0 days 00:00:15.755777,0.0007961138035745193,,,,,,PRUNED
49,0.8386147093458944,2026-09-30 22:17:16.548040,2026-09-30 22:19:14.488743,0 days 00:01:57.940703,0.0007289874960896618,0.9308554014868815,False,0.8386147093458944,0.9962482513035738,0.724050281911452,COMPLETE
