number,value,datetime_start,datetime_complete,duration,params_learning_rate,user_attrs_auc,user_attrs_collapsed,user_attrs_f1,user_attrs_precision,user_attrs_recall,state
0,0.8290971884949544,2026-09-30 20:41:46.830246,2026-09-30 20:42:01.008203,0 days 00:00:14.177957,0.00023688639503640813,0.922907734235064,False,0.8290971884949544,0.9961099585062241,0.7100471392919864,COMPLETE
1,0.7944823310601364,2026-09-30 20:42:01.396060,2026-09-30 20:42:16.160963,0 days 00:00:14.764903,0.0008927180304353628,0.9175655637129945,False,0.7944823310601364,0.9006676818554528,0.7106941491819947,COMPLETE
2,0.8191471981702336,2026-09-30 20:42:16.501006,2026-09-30 20:42:31.357645,0 days 00:00:14.856639,0.0005395030966670229,0.9210757277776264,False,0.8191471981702336,0.9969512195121951,0.695165911821795,COMPLETE
3,0.821404318891756,2026-09-30 20:42:31.661886,2026-09-30 20:42:44.577704,0 days 00:00:12.915818,0.00039687933304443713,0.918621847960476,False,0.821404318891756,0.9962443170587073,0.6987706812089842,COMPLETE
4,0.8270790526657295,2026-09-30 20:42:44.863533,2026-09-30 20:42:58.436503,0 days 00:00:13.572970,0.0001432249371823026,0.9294756774370737,False,0.8270790526657295,0.9964820846905538,0.7069045198262316,COMPLETE
5,0.7397896938360542,2026-09-30 20:42:58.783755,2026-09-30 20:43:14.353157,0 days 00:00:15.569402,0.00014321698289111514,0.9010780662502484,False,0.7397896938360542,0.9957772912105098,0.5885017099547093,COMPLETE
6,0.7529188474147351,2026-09-30 20:43:14.775559,2026-09-30 20:43:29.141816,0 days 00:00:14.366257,0.00011430983876313228,0.9142283598651699,False,0.7529188474147351,0.996574299634592,0.6050004621499214,COMPLETE
7,0.8209020183885534,2026-09-30 20:43:29.471078,2026-09-30 20:43:44.916586,0 days 00:00:15.445508,0.0007348118405270452,0.9208384631946134,False,0.8209020183885534,0.997685797408093,0.6973380164525372,COMPLETE
8,-0.011121971532702446,2026-09-30 20:43:45.235394,2026-09-30 20:43:48.277338,0 days 00:00:03.041944,0.0003991305878561678,,,,,,PRUNED
9,0.8232900127519874,2026-09-30 20:43:48.579151,2026-09-30 20:44:02.895031,0 days 00:00:14.315880,0.0005105903209394755,0.9280260350037366,False,0.8232900127519874,0.9969117550430383,0.7011738608004436,COMPLETE
10,-0.014743337407708168,2026-09-30 20:44:03.219756,2026-09-30 20:44:06.214652,0 days 00:00:02.994896,0.00023685176754508505,,,,,,PRUNED
11,-0.023607734590768814,2026-09-30 20:44:06.509998,2026-09-30 20:44:09.612187,0 days 00:00:03.102189,0.0002051794497217527,,,,,,PRUNED
12,-0.018088242039084435,2026-09-30 20:44:09.958469,2026-09-30 20:44:12.625677,0 days 00:00:02.667208,0.00019324274723971587,,,,,,PRUNED
13,-0.03563354164361954,2026-09-30 20:44:12.916461,2026-09-30 20:44:15.573601,0 days 00:00:02.657140,0.00010213120587901238,,,,,,PRUNED
14,-0.013529755175113678,2026-09-30 20:44:15.959023,2026-09-30 20:44:18.693385,0 days 00:00:02.734362,0.0002747780418560547,,,,,,PRUNED
15,-0.023545091971755028,2026-09-30 20:44:19.008425,2026-09-30 20:44:21.813540,0 days 00:00:02.805115,0.00015212859384443675,,,,,,PRUNED
16,-0.025988619774580002,2026-09-30 20:44:22.175519,2026-09-30 20:44:25.068387,0 days 00:00:02.892868,0.00014951646763073915,,,,,,PRUNED
17,-0.012390445917844772,2026-09-30 20:44:25.420890,2026-09-30 20:44:28.431237,0 days 00:00:03.010347,0.00030964538966703106,,,,,,PRUNED
18,-0.01776750013232231,2026-09-30 20:44:28.747414,2026-09-30 20:44:31.781040,0 days 00:00:03.033626,0.00019360330864163594,,,,,,PRUNED
19,-0.04053274542093277,2026-09-30 20:44:32.137967,2026-09-30 20:44:34.776505,0 days 00:00:02.638538,0.000133522043999886,,,,,,PRUNED
20,-0.020616775378584862,2026-09-30 20:44:35.079345,2026-09-30 20:44:37.641977,0 days 00:00:02.562632,0.00022185456670541364,,,,,,PRUNED
21,-0.010265296325087547,2026-09-30 20:44:37.963723,2026-09-30 20:44:41.135709,0 days 00:00:03.171986,0.0004144331368147028,,,,,,PRUNED
22,0.8287334593572779,2026-09-30 20:44:41.529134,2026-09-30 20:44:55.793523,0 days 00:00:14.264389,0.0006284514115650489,0.9247324810216313,False,0.8287334593572779,0.9968814968814969,0.7091228394491172,COMPLETE
23,0.8294038305907742,2026-09-30 20:44:56.119494,2026-09-30 20:45:11.263128,0 days 00:00:15.143634,0.0007061362382599756,0.9256307835965287,False,0.8294038305907742,0.9961767755313634,0.7104630742212774,COMPLETE
24,-0.008881011977791786,2026-09-30 20:45:11.584279,2026-09-30 20:45:14.437743,0 days 00:00:02.853464,0.0006668118748950966,,,,,,PRUNED
25,0.8430959554216546,2026-09-30 20:45:14.759634,2026-09-30 20:45:29.403897,0 days 00:00:14.644263,0.0009020726476160794,0.9232115383256672,False,0.8430959554216546,0.9963450753040519,0.7307052407801091,COMPLETE
26,0.8317450061917838,2026-09-30 20:45:29.771271,2026-09-30 20:45:44.921154,0 days 00:00:15.149883,0.0009895216674722495,0.9215806764383189,False,0.8317450061917838,0.9961310291462471,0.7139291986320362,COMPLETE
27,0.8286917098445595,2026-09-30 20:45:45.204229,2026-09-30 20:45:59.733214,0 days 00:00:14.528985,0.0009978260967101712,0.9178973791550146,False,0.8286917098445595,0.9958490076533921,0.7095849893705518,COMPLETE
28,-0.0014412711607292295,2026-09-30 20:46:00.114154,2026-09-30 20:46:09.013310,0 days 00:00:08.899156,0.0008174437476511277,,,,,,PRUNED
29,0.8330421225235881,2026-09-30 20:46:09.456694,2026-09-30 20:46:24.300900,0 days 00:00:14.844206,0.0009427699033594177,0.9189543201688368,False,0.8330421225235881,0.9956306624686757,0.7161013032627784,COMPLETE
30,0.8196490085984756,2026-09-30 20:46:24.594444,2026-09-30 20:46:39.316452,0 days 00:00:14.722008,0.000948622596825418,0.9301961938974495,False,0.8196490085984756,0.9921202968021537,0.6982623162954062,COMPLETE
31,-0.005414689891040325,2026-09-30 20:46:39.700295,2026-09-30 20:46:44.036749,0 days 00:00:04.336454,0.0007967308795944734,,,,,,PRUNED
32,-0.002814894076436758,2026-09-30 20:46:44.420570,2026-09-30 20:46:50.761448,0 days 00:00:06.340878,0.0008724466409229862,,,,,,PRUNED
33,-0.008427341468632221,2026-09-30 20:46:51.108444,2026-09-30 20:46:54.357648,0 days 00:00:03.249204,0.0006158530070603035,,,,,,PRUNED
34,-0.005431107245385647,2026-09-30 20:46:54.734790,2026-09-30 20:46:58.207577,0 days 00:00:03.472787,0.0007320401995598467,,,,,,PRUNED
35,-0.009259098209440708,2026-09-30 20:46:58.581098,2026-09-30 20:47:02.280767,0 days 00:00:03.699669,0.0005568643275080655,,,,,,PRUNED
36,-0.009275293909013271,2026-09-30 20:47:02.673264,2026-09-30 20:47:05.944794,0 days 00:00:03.271530,0.0004855091208466081,,,,,,PRUNED
37,0.8102663896704972,2026-09-30 20:47:06.301935,2026-09-30 20:47:23.219744,0 days 00:00:16.917809,0.0009908696623769006,0.9252606941615698,False,0.8102663896704972,0.9400207456220636,0.7119881689620112,COMPLETE
38,-0.006794306915253401,2026-09-30 20:47:23.590221,2026-09-30 20:47:26.642097,0 days 00:00:03.051876,0.0007428879887343634,,,,,,PRUNED
39,-0.005810494534671307,2026-09-30 20:47:27.060017,2026-09-30 20:47:31.090472,0 days 00:00:04.030455,0.0008497350886497771,,,,,,PRUNED
40,-0.006875198800116777,2026-09-30 20:47:31.467332,2026-09-30 20:47:35.091622,0 days 00:00:03.624290,0.0006830859428453666,,,,,,PRUNED
41,-0.002188673010095954,2026-09-30 20:47:35.470953,2026-09-30 20:47:43.057114,0 days 00:00:07.586161,0.0008850455173516178,,,,,,PRUNED
42,-0.009041821584105492,2026-09-30 20:47:43.462256,2026-09-30 20:47:46.236309,0 days 00:00:02.774053,0.00045548490795111434,,,,,,PRUNED
43,-0.01830645091831684,2026-09-30 20:47:46.534533,2026-09-30 20:47:49.609588,0 days 00:00:03.075055,0.0002721184628737081,,,,,,PRUNED
44,-0.011674880981445312,2026-09-30 20:47:49.979821,2026-09-30 20:47:53.456922,0 days 00:00:03.477101,0.00036798127399885385,,,,,,PRUNED
45,-0.007838990539312363,2026-09-30 20:47:53.803443,2026-09-30 20:47:56.508104,0 days 00:00:02.704661,0.0005793256360016973,,,,,,PRUNED
46,-0.0019371313974261284,2026-09-30 20:47:56.864410,2026-09-30 20:48:03.200172,0 days 00:00:06.335762,0.0007621357727965374,,,,,,PRUNED
47,0.8426517571884984,2026-09-30 20:48:03.552731,2026-09-30 20:48:17.367460,0 days 00:00:13.814729,0.0009041657008740618,0.9174539476082517,False,0.8426517571884984,0.9939078005275719,0.7313522506701173,COMPLETE
48,-0.003095921128988266,2026-09-30 20:48:17.707522,2026-09-30 20:48:22.189833,0 days 00:00:04.482311,0.0009209457402949349,,,,,,PRUNED
49,-0.008992025628685951,2026-09-30 20:48:22.565250,2026-09-30 20:48:25.543795,0 days 00:00:02.978545,0.0007016959758674084,,,,,,PRUNED
