number,value,datetime_start,datetime_complete,duration,params_learning_rate,user_attrs_auc,user_attrs_collapsed,user_attrs_f1,user_attrs_precision,user_attrs_recall,state
0,0.8258711835149423,2026-09-30 20:48:25.974511,2026-09-30 20:49:39.783540,0 days 00:01:13.809029,0.00023688639503640813,0.9207822258413167,False,0.8258711835149423,0.9917087705661355,0.7075515297162399,COMPLETE
1,0.8343610917475468,2026-09-30 20:49:40.228332,2026-09-30 20:51:08.296813,0 days 00:01:28.068481,0.0008927180304353628,0.9279640448044587,False,0.8343610917475468,0.9936143039591315,0.7191052777521028,COMPLETE
2,0.8320455033268942,2026-09-30 20:51:08.714579,2026-09-30 20:52:33.906925,0 days 00:01:25.192346,0.0005395030966670229,0.9256133328342906,False,0.8320455033268942,0.9918127158756557,0.7166096681763564,COMPLETE
3,0.8228586868413942,2026-09-30 20:52:34.386450,2026-09-30 20:54:01.569731,0 days 00:01:27.183281,0.00039687933304443713,0.9265323048604529,False,0.8228586868413942,0.9905672651574291,0.7037156853683335,COMPLETE
4,0.8244555660760179,2026-09-30 20:54:02.152711,2026-09-30 20:55:30.385880,0 days 00:01:28.233169,0.0001432249371823026,0.9187031887387729,False,0.8244555660760179,0.9941932537352385,0.7042240502819115,COMPLETE
5,0.8228218465539662,2026-09-30 20:55:30.840952,2026-09-30 20:56:58.653219,0 days 00:01:27.812267,0.00014321698289111514,0.9183750127434028,False,0.8228218465539662,0.9942385753568155,0.701820870690452,COMPLETE
6,0.7537403267411866,2026-09-30 20:56:59.117203,2026-09-30 20:58:26.888367,0 days 00:01:27.771164,0.00011430983876313228,0.9141310238897122,False,0.7537403267411866,0.9922275882885602,0.6076809316942416,COMPLETE
7,0.8273046769397134,2026-09-30 20:58:27.367283,2026-09-30 20:59:55.667027,0 days 00:01:28.299744,0.0007348118405270452,0.9316901440307594,False,0.8273046769397134,0.9966779572694111,0.7071355947869489,COMPLETE
8,-0.003123380010947585,2026-09-30 20:59:56.095380,2026-09-30 21:00:40.673317,0 days 00:00:44.577937,0.0003991305878561678,,,,,,PRUNED
9,0.8114978902953587,2026-09-30 21:00:41.238536,2026-09-30 21:02:11.814521,0 days 00:01:30.575985,0.0005105903209394755,0.9288606718242525,False,0.8114978902953587,0.944969905417025,0.7110638691191422,COMPLETE
10,0.8329683243416485,2026-09-30 21:02:12.324596,2026-09-30 21:03:40.005693,0 days 00:01:27.681097,0.0009538824195195518,0.9294290352798305,False,0.8329683243416485,0.9867122247532271,0.7206765874849801,COMPLETE
11,0.8262006849499771,2026-09-30 21:03:40.506394,2026-09-30 21:05:10.211304,0 days 00:01:29.704910,0.0008567655588308146,0.9251339596160335,False,0.8262006849499771,0.9918420200712205,0.7079674646455311,COMPLETE
12,-0.0022816206328570843,2026-09-30 21:05:10.712513,2026-09-30 21:05:42.619433,0 days 00:00:31.906920,0.0009322601292624812,,,,,,PRUNED
13,-0.0024640948977321386,2026-09-30 21:05:43.038549,2026-09-30 21:06:08.472795,0 days 00:00:25.434246,0.0006518522301324031,,,,,,PRUNED
14,-0.02107941173017025,2026-09-30 21:06:08.935214,2026-09-30 21:06:21.452482,0 days 00:00:12.517268,0.0002508484749784892,,,,,,PRUNED
15,-0.00284965755417943,2026-09-30 21:06:21.865960,2026-09-30 21:06:44.915243,0 days 00:00:23.049283,0.0006341614937863416,,,,,,PRUNED
16,0.8324327230690647,2026-09-30 21:06:45.298250,2026-09-30 21:07:59.329616,0 days 00:01:14.031366,0.0009716527653342036,0.9292698789032223,False,0.8324327230690647,0.9950510958287808,0.7155005083649135,COMPLETE
17,-0.009920897893607616,2026-09-30 21:07:59.745049,2026-09-30 21:08:14.137340,0 days 00:00:14.392291,0.00042080755385483774,,,,,,PRUNED
18,-0.019094392657279968,2026-09-30 21:08:14.613233,2026-09-30 21:08:27.382831,0 days 00:00:12.769598,0.00031235200742910893,,,,,,PRUNED
19,-0.0024173385463654995,2026-09-30 21:08:27.784879,2026-09-30 21:08:53.400249,0 days 00:00:25.615370,0.0006804461758096663,,,,,,PRUNED
20,-0.0016704072477295995,2026-09-30 21:08:53.784641,2026-09-30 21:09:24.772353,0 days 00:00:30.987712,0.0007817246602347868,,,,,,PRUNED
21,-0.0030777109786868095,2026-09-30 21:09:25.126814,2026-09-30 21:09:48.101681,0 days 00:00:22.974867,0.0009435463791078169,,,,,,PRUNED
22,0.8369794588241579,2026-09-30 21:09:48.518000,2026-09-30 21:11:04.600400,0 days 00:01:16.082400,0.0009531638465345071,0.9344226679141369,False,0.8369794588241579,0.9916450408253686,0.724050281911452,COMPLETE
23,-0.005347517319023609,2026-09-30 21:11:04.951830,2026-09-30 21:11:18.828731,0 days 00:00:13.876901,0.0005593418551392023,,,,,,PRUNED
24,0.8425314297890475,2026-09-30 21:11:19.220808,2026-09-30 21:12:24.923667,0 days 00:01:05.702859,0.0009937231033284753,0.9320431105526943,False,0.8425314297890475,0.994341757827235,0.7309363157408263,COMPLETE
25,-0.003836538642644882,2026-09-30 21:12:25.325464,2026-09-30 21:12:42.882865,0 days 00:00:17.557401,0.0007943809171904399,,,,,,PRUNED
26,-0.010355474427342415,2026-09-30 21:12:43.250108,2026-09-30 21:12:55.608637,0 days 00:00:12.358529,0.00047889169410700625,,,,,,PRUNED
27,0.8265742159155043,2026-09-30 21:12:55.969010,2026-09-30 21:14:08.899358,0 days 00:01:12.930348,0.0007544631245429396,0.9286730427579193,False,0.8265742159155043,0.9876051634448655,0.7106941491819947,COMPLETE
28,-0.0007802850450389087,2026-09-30 21:14:09.296946,2026-09-30 21:14:57.899892,0 days 00:00:48.602946,0.0006143349097970784,,,,,,PRUNED
29,-0.01855839230120182,2026-09-30 21:14:58.264343,2026-09-30 21:15:11.279474,0 days 00:00:13.015131,0.0002993654704136288,,,,,,PRUNED
30,-0.026125971227884293,2026-09-30 21:15:11.634742,2026-09-30 21:15:24.181584,0 days 00:00:12.546842,0.00022123020265104793,,,,,,PRUNED
31,-0.001988041214644909,2026-09-30 21:15:24.586732,2026-09-30 21:15:50.000954,0 days 00:00:25.414222,0.000997160245230236,,,,,,PRUNED
32,-0.004502986557781696,2026-09-30 21:15:50.363480,2026-09-30 21:16:07.484622,0 days 00:00:17.121142,0.0008372366901779342,,,,,,PRUNED
33,0.8281439547108774,2026-09-30 21:16:07.970446,2026-09-30 21:17:22.279824,0 days 00:01:14.309378,0.0008630383140306229,0.9308071371701717,False,0.8281439547108774,0.9937245261046775,0.7098622793234125,COMPLETE
34,-0.010083691217005253,2026-09-30 21:17:22.664588,2026-09-30 21:17:35.204487,0 days 00:00:12.539899,0.0007320401995598467,,,,,,PRUNED
35,-0.008501839824020863,2026-09-30 21:17:35.634002,2026-09-30 21:17:48.524985,0 days 00:00:12.890983,0.0005665319327402387,,,,,,PRUNED
36,-0.0009690141305327415,2026-09-30 21:17:48.906630,2026-09-30 21:18:31.186022,0 days 00:00:42.279392,0.0009818217413114332,,,,,,PRUNED
37,-0.01046153623610735,2026-09-30 21:18:31.554459,2026-09-30 21:18:44.093168,0 days 00:00:12.538709,0.0004719153989660875,,,,,,PRUNED
38,-0.0337044782936573,2026-09-30 21:18:44.530175,2026-09-30 21:18:57.030905,0 days 00:00:12.500730,0.00017986597623285592,,,,,,PRUNED
39,-0.036436598747968674,2026-09-30 21:18:57.407235,2026-09-30 21:19:10.378793,0 days 00:00:12.971558,0.00010606718925852302,,,,,,PRUNED
40,0.8283062645011601,2026-09-30 21:19:10.795520,2026-09-30 21:20:31.260645,0 days 00:01:20.465125,0.0007050919258988668,0.9331937747931429,False,0.8283062645011601,0.9950090744101633,0.7094463443941215,COMPLETE
41,-0.0015256886836141348,2026-09-30 21:20:31.746062,2026-09-30 21:21:04.602148,0 days 00:00:32.856086,0.0008766454619423798,,,,,,PRUNED
42,0.8471585640482183,2026-09-30 21:21:04.966949,2026-09-30 21:22:18.992747,0 days 00:01:14.025798,0.0009037413979774638,0.9296819180868034,False,0.8471585640482183,0.9926119078661452,0.7388852943894999,COMPLETE
43,0.8223421859316931,2026-09-30 21:22:19.540972,2026-09-30 21:23:34.219752,0 days 00:01:14.678780,0.0008495091991820123,0.9254023303616112,False,0.8223421859316931,0.9955336617405582,0.7004806359182919,COMPLETE
44,0.8329574742268041,2026-09-30 21:23:34.579586,2026-09-30 21:24:49.838882,0 days 00:01:15.259296,0.0007633855034291523,0.9301368254239715,False,0.8329574742268041,0.9937860345932095,0.7169331731213606,COMPLETE
45,-0.000541958084795624,2026-09-30 21:24:50.269943,2026-09-30 21:25:50.678774,0 days 00:01:00.408831,0.0009986181811833799,,,,,,PRUNED
46,-0.014679744839668274,2026-09-30 21:25:51.059482,2026-09-30 21:26:03.970889,0 days 00:00:12.911407,0.00035160108546610365,,,,,,PRUNED
47,-0.010407321155071259,2026-09-30 21:26:04.472762,2026-09-30 21:26:17.226852,0 days 00:00:12.754090,0.0006216812074068535,,,,,,PRUNED
48,-0.003125579794868827,2026-09-30 21:26:17.757237,2026-09-30 21:26:35.931209,0 days 00:00:18.173972,0.0008908102509782643,,,,,,PRUNED
49,-0.007037028204649687,2026-09-30 21:26:36.272886,2026-09-30 21:26:49.161509,0 days 00:00:12.888623,0.0007015168721585084,,,,,,PRUNED
