number,value,datetime_start,datetime_complete,duration,params_decay,params_learning_rate,params_surrogate_scale,params_threshold,user_attrs_auc,user_attrs_collapsed,user_attrs_f1,user_attrs_precision,user_attrs_recall,state
0,0.835917278185457,2026-09-30 20:28:57.953725,2026-09-30 20:29:25.562355,0 days 00:00:27.608630,0.9179642991664454,0.00039687933304443713,15.175890952605291,0.5247240713084176,0.9109689705477438,False,0.835917278185457,0.9890130706573215,0.7238654219428783,COMPLETE
1,0.8254174096287891,2026-09-30 20:29:25.828084,2026-09-30 20:29:43.326091,0 days 00:00:17.498007,0.4013964382185317,0.0007348118405270452,3.0455050190275905,0.39361118426546193,0.9101860078893463,False,0.8254174096287891,0.9934963579604579,0.7059802199833626,COMPLETE
2,0.8139014676196192,2026-09-30 20:29:43.625323,2026-09-30 20:30:11.030182,0 days 00:00:27.404859,0.7602471755674295,0.0009330606024425672,2.370520897324444,0.6606690070459253,0.897723670075071,False,0.8139014676196192,0.9932090545938749,0.689435252796007,COMPLETE
3,0.7878838544279106,2026-09-30 20:30:11.353920,2026-09-30 20:30:42.649089,0 days 00:00:31.295169,0.4380204219408795,0.00015254729458052615,5.272849409727812,0.7994655844802532,0.9092969918837179,False,0.7878838544279106,0.9922094329028636,0.6533413439319715,COMPLETE
4,0.8029354153447181,2026-09-30 20:30:42.944884,2026-09-30 20:31:10.293006,0 days 00:00:27.348122,0.6410916805609546,0.00019553708662745247,9.775010335558083,0.4825453457757226,0.9030588308178535,False,0.8029354153447181,0.9960982955712232,0.6725205656715039,COMPLETE
5,0.7537088582168785,2026-09-30 20:31:10.553522,2026-09-30 20:31:36.819603,0 days 00:00:26.266081,0.39067100942382715,0.0002324672848950435,7.258603673633926,0.6671117368334277,0.9040697811012097,False,0.7537088582168785,0.9940958292332147,0.6069414918199464,COMPLETE
6,0.7884164713759625,2026-09-30 20:31:37.063211,2026-09-30 20:31:57.801738,0 days 00:00:20.738527,0.8103643749054588,0.00032676417657817656,5.594128078850475,0.5736419905302216,0.9153074184199451,False,0.7884164713759625,0.9946501478248627,0.6530178389869674,COMPLETE
7,0.8137595362445653,2026-09-30 20:31:58.068334,2026-09-30 20:32:24.292905,0 days 00:00:26.224571,0.3301927682679985,0.00014808945119975197,12.93580733422589,0.6554487413172255,0.9070076603346475,False,0.8137595362445653,0.9964508136342329,0.6876790830945558,COMPLETE
8,0.790170343479475,2026-09-30 20:32:24.578614,2026-09-30 20:32:52.290047,0 days 00:00:27.711433,0.9167755992146664,0.0006432759992849892,19.38137659534207,0.3390309557911677,0.9048898419806088,False,0.790170343479475,0.9983065198983911,0.6538497088455495,COMPLETE
9,-0.0190413985401392,2026-09-30 20:32:52.550050,2026-09-30 20:32:57.849755,0 days 00:00:05.299705,0.3634868741041495,0.00027551959649510803,14.316194477218824,0.4827682615040224,,,,,,PRUNED
10,-0.021282600238919258,2026-09-30 20:32:58.152819,2026-09-30 20:33:02.832773,0 days 00:00:04.679954,0.6076627589455346,0.0004363130402754647,17.45902048381936,0.8670819265382324,,,,,,PRUNED
11,0.7851615074024226,2026-09-30 20:33:03.113409,2026-09-30 20:33:32.110566,0 days 00:00:28.997157,0.5259808840191352,0.0005482550266050718,16.2899475370607,0.3232233492749472,0.9228983654365135,False,0.7851615074024226,0.9982175958933409,0.6470561050004622,COMPLETE
12,0.7981420553512677,2026-09-30 20:33:32.456309,2026-09-30 20:33:52.326373,0 days 00:00:19.870064,0.938092788493449,0.0008946402756622046,10.16356080319845,0.4297345485741157,0.9104972222265175,False,0.7981420553512677,0.9933246163374854,0.6670671965985766,COMPLETE
13,0.7997231833910035,2026-09-30 20:33:52.551979,2026-09-30 20:34:21.484491,0 days 00:00:28.932512,0.49239086784851754,0.0004105212078754076,12.918292035368632,0.4154429576235401,0.9150548837525285,False,0.7997231833910035,0.9971008490370677,0.6675755615121546,COMPLETE
14,-0.004730748012661934,2026-09-30 20:34:21.714298,2026-09-30 20:34:45.103154,0 days 00:00:23.388856,0.7230351798943964,0.0006339730780688405,2.285275914621462,0.5562673833799991,,,,,,PRUNED
15,0.7827819401184163,2026-09-30 20:34:45.485230,2026-09-30 20:35:14.566640,0 days 00:00:29.081410,0.8427889176991938,0.00041793069019084697,15.833457075709422,0.3951525530900988,0.9218184995396997,False,0.7827819401184163,0.9963568826344739,0.6446067104168592,COMPLETE
16,0.7633826879271071,2026-09-30 20:35:14.885903,2026-09-30 20:35:40.601252,0 days 00:00:25.715349,0.6237083420331396,0.0007893210275696848,8.45536870524581,0.5085800582979497,0.9048293287046634,False,0.7633826879271071,0.994288681204569,0.6195119696829652,COMPLETE
17,0.770150776555946,2026-09-30 20:35:40.845539,2026-09-30 20:36:09.680535,0 days 00:00:28.834996,0.5268333347319039,0.0005664187669498546,19.988523895547928,0.3711521365630967,0.9017527543028959,False,0.770150776555946,0.995676388685329,0.6279230982530732,COMPLETE
18,-0.015990274026989937,2026-09-30 20:36:09.962564,2026-09-30 20:36:14.954064,0 days 00:00:04.991500,0.7312141785977886,0.00029662631485427707,12.317437875009304,0.5981379978473441,,,,,,PRUNED
19,-0.010442297905683517,2026-09-30 20:36:15.216350,2026-09-30 20:36:20.713509,0 days 00:00:05.497159,0.308615241012532,0.0007342607653772974,4.498631075946576,0.737900897719021,,,,,,PRUNED
20,-0.01321585476398468,2026-09-30 20:36:20.973975,2026-09-30 20:36:26.253897,0 days 00:00:05.279922,0.4412465168884374,0.0004888277171563409,14.60994370236902,0.5204273323320097,,,,,,PRUNED
21,0.8102446564682053,2026-09-30 20:36:26.502595,2026-09-30 20:36:52.005373,0 days 00:00:25.502778,0.849362350801618,0.0009316866059282883,2.37256434866844,0.6678544884512035,0.9075722476507435,False,0.8102446564682053,0.9570007554772098,0.7025140955726038,COMPLETE
22,0.749819233550253,2026-09-30 20:36:52.284561,2026-09-30 20:37:21.603208,0 days 00:00:29.318647,0.7766496227073463,0.0009537303250101813,3.554369280775116,0.7112968743782812,0.9046228680649073,False,0.749819233550253,0.9414106145251396,0.6230243090858675,COMPLETE
23,-0.08538801223039627,2026-09-30 20:37:21.917796,2026-09-30 20:37:27.088540,0 days 00:00:05.170744,0.6896761948669976,0.00010493335689495956,6.768848956133031,0.6121949003652796,,,,,,PRUNED
24,0.721333726763057,2026-09-30 20:37:27.374842,2026-09-30 20:37:54.893945,0 days 00:00:27.519103,0.902288155002819,0.0007238521608456802,3.7786975320865532,0.45259702035930427,0.9076825245928986,False,0.721333726763057,0.9976330395037545,0.5648858489694056,COMPLETE
25,0.7516362567787781,2026-09-30 20:37:55.200137,2026-09-30 20:38:14.835620,0 days 00:00:19.635483,0.8733243416636128,0.0008090810031584796,8.264032575529868,0.3004758278095081,0.9104153784613156,False,0.7516362567787781,0.8906616017727129,0.6501525094740734,COMPLETE
26,-0.014793694019317627,2026-09-30 20:38:15.136015,2026-09-30 20:38:19.994113,0 days 00:00:04.858098,0.78356071495677,0.00034361215067827224,11.054120774251198,0.7228977877938135,,,,,,PRUNED
27,-0.012765741907060146,2026-09-30 20:38:20.313762,2026-09-30 20:38:25.045866,0 days 00:00:04.732104,0.7078228872997289,0.0006258621517840367,18.015441925629087,0.788854478387764,,,,,,PRUNED
28,-0.013861121609807014,2026-09-30 20:38:25.365590,2026-09-30 20:38:30.556230,0 days 00:00:05.190640,0.7698383690891367,0.0003731582157198579,6.278545777899756,0.5369486568425955,,,,,,PRUNED
29,-0.01279036607593298,2026-09-30 20:38:30.844193,2026-09-30 20:38:36.038306,0 days 00:00:05.194113,0.5860892501384307,0.000498001127505353,4.852972565991743,0.6274531184157379,,,,,,PRUNED
30,-0.034070923924446106,2026-09-30 20:38:36.380445,2026-09-30 20:38:41.725974,0 days 00:00:05.345529,0.43291189290347304,0.00025174812094536493,2.220606520283308,0.8235246632908254,,,,,,PRUNED
31,-0.08390885591506958,2026-09-30 20:38:41.994122,2026-09-30 20:38:47.750192,0 days 00:00:05.756070,0.308592197072843,0.0001382942867052105,13.009194552450394,0.6543490670229702,,,,,,PRUNED
32,-0.0878911241889,2026-09-30 20:38:48.060775,2026-09-30 20:38:53.103281,0 days 00:00:05.042506,0.3494503763733604,0.00014794689088473278,11.527862589387588,0.7714153394971122,,,,,,PRUNED
33,-0.04016173258423805,2026-09-30 20:38:53.418350,2026-09-30 20:38:58.965176,0 days 00:00:05.546826,0.6670747616452346,0.0002000034840555492,14.443065221414653,0.6530804492783774,,,,,,PRUNED
34,-0.05065331980586052,2026-09-30 20:38:59.306381,2026-09-30 20:39:04.686718,0 days 00:00:05.380337,0.4192950668415719,0.0001773963924679085,9.401313891587876,0.5844117421974616,,,,,,PRUNED
35,-0.08350831270217896,2026-09-30 20:39:04.991331,2026-09-30 20:39:10.518545,0 days 00:00:05.527214,0.3608130726112459,0.00010596600989525403,15.66855793121562,0.4687993101119028,,,,,,PRUNED
36,-0.09259694069623947,2026-09-30 20:39:10.891261,2026-09-30 20:39:16.095531,0 days 00:00:05.204270,0.47284266471068903,0.00012041531050572968,13.335939642266084,0.6891488990897479,,,,,,PRUNED
37,-0.019920477643609047,2026-09-30 20:39:16.441776,2026-09-30 20:39:21.594521,0 days 00:00:05.152745,0.3884576773766436,0.00021960917465441176,3.7171550306657615,0.36434466469634497,,,,,,PRUNED
38,0.8063983260833655,2026-09-30 20:39:21.902212,2026-09-30 20:39:51.577822,0 days 00:00:29.675610,0.5691309105346724,0.0009941910026292737,17.13407763273885,0.6309492718518879,0.9031676276329379,False,0.8063983260833655,0.9973440479433396,0.6768185599408448,COMPLETE
39,-0.02144366316497326,2026-09-30 20:39:51.976221,2026-09-30 20:39:57.306737,0 days 00:00:05.330516,0.8241144452311266,0.00018131266624723134,5.340260231711987,0.49328156258577227,,,,,,PRUNED
40,-0.020738109946250916,2026-09-30 20:39:57.770491,2026-09-30 20:40:03.753930,0 days 00:00:05.983439,0.9406216811449849,0.00026334757313600533,7.999853874649799,0.8995760862502638,,,,,,PRUNED
41,0.7146785458945168,2026-09-30 20:40:04.169190,2026-09-30 20:40:37.819636,0 days 00:00:33.650446,0.8748918104310013,0.0009016774572278341,2.879120824532384,0.6747796757905322,0.8954866043117823,False,0.7146785458945168,0.8823329712112982,0.6005638229041501,COMPLETE
42,-0.007212140131741762,2026-09-30 20:40:38.242040,2026-09-30 20:40:46.667871,0 days 00:00:08.425831,0.8502259714218336,0.000829724489149464,2.92388569485184,0.570070010841672,,,,,,PRUNED
43,-0.0039963796734809875,2026-09-30 20:40:47.002597,2026-09-30 20:41:04.517966,0 days 00:00:17.515369,0.8089928317375752,0.000738260338055688,2.1486698152302828,0.7358299930667459,,,,,,PRUNED
44,-0.004535561893135309,2026-09-30 20:41:04.942525,2026-09-30 20:41:18.413863,0 days 00:00:13.471338,0.9145104402619141,0.00068105807873196,6.069160239227512,0.701703881023753,,,,,,PRUNED
45,-0.0077370041981339455,2026-09-30 20:41:18.844598,2026-09-30 20:41:25.402516,0 days 00:00:06.557918,0.8684049187066126,0.0005824262843904969,4.432336114866372,0.5497993384339365,,,,,,PRUNED
46,-0.009945565834641457,2026-09-30 20:41:25.673656,2026-09-30 20:41:30.980239,0 days 00:00:05.306583,0.33557080974171694,0.0008803410734329495,13.838718036795473,0.7564137180103006,,,,,,PRUNED
47,-0.0120259253308177,2026-09-30 20:41:31.312834,2026-09-30 20:41:35.857351,0 days 00:00:04.544517,0.7424021326752798,0.0004663294320037883,11.97608080564278,0.6481388179502977,,,,,,PRUNED
48,-0.009818129241466522,2026-09-30 20:41:36.241367,2026-09-30 20:41:41.188778,0 days 00:00:04.947411,0.6631737204570796,0.0005359800145095987,10.310512222385444,0.42516464385527664,,,,,,PRUNED
49,-0.017411425709724426,2026-09-30 20:41:41.493230,2026-09-30 20:41:46.370890,0 days 00:00:04.877660,0.3890653697778185,0.00030992736789194525,15.262409262508886,0.6033456082463542,,,,,,PRUNED
