number,value,datetime_start,datetime_complete,duration,params_learning_rate,user_attrs_auc,user_attrs_collapsed,user_attrs_f1,user_attrs_precision,user_attrs_recall,state
0,0.9933473684210526,2026-09-30 20:46:30.723450,2026-09-30 20:47:08.972315,0 days 00:00:38.248865,0.00023688639503640813,0.9988434430621825,False,0.9933473684210526,0.9884364002011061,0.9983073798239676,COMPLETE
1,0.9943607440451141,2026-09-30 20:47:09.254005,2026-09-30 20:47:45.591930,0 days 00:00:36.337925,0.0008927180304353628,0.999915397640829,False,0.9943607440451141,0.988950276243094,0.9998307379823967,COMPLETE
2,0.992595085829687,2026-09-30 20:47:45.853259,2026-09-30 20:48:16.132213,0 days 00:00:30.278954,0.0005395030966670229,0.9999009295773744,False,0.992595085829687,0.9869477911646586,0.9983073798239676,COMPLETE
3,0.992677384058581,2026-09-30 20:48:16.353206,2026-09-30 20:48:46.834754,0 days 00:00:30.481548,0.00039687933304443713,0.9997566786872877,False,0.992677384058581,0.9872760756738658,0.9981381178063643,COMPLETE
4,0.942659328954376,2026-09-30 20:48:47.110080,2026-09-30 20:49:21.968630,0 days 00:00:34.858550,0.0001432249371823026,0.9949210794355702,False,0.942659328954376,0.9910414333706606,0.8987813134732566,COMPLETE
5,0.9839080459770115,2026-09-30 20:49:22.225309,2026-09-30 20:49:56.655927,0 days 00:00:34.430618,0.00014321698289111514,0.9984359880157448,False,0.9839080459770115,0.98989206784307,0.9779959377115776,COMPLETE
6,0.914936247723133,2026-09-30 20:49:56.889179,2026-09-30 20:50:39.092672,0 days 00:00:42.203493,0.00011430983876313228,0.9908738893684201,False,0.914936247723133,0.9903391167192429,0.850203114421124,COMPLETE
7,0.9928577430468027,2026-09-30 20:50:39.359931,2026-09-30 20:51:18.659147,0 days 00:00:39.299216,0.0007348118405270452,0.9999262845004582,False,0.9928577430468027,0.9858167862506257,1.0,COMPLETE
8,0.9925103088445679,2026-09-30 20:51:18.921012,2026-09-30 20:51:58.281830,0 days 00:00:39.360818,0.0003991305878561678,0.9999055421679015,False,0.9925103088445679,0.9869456066945607,0.9981381178063643,COMPLETE
9,0.9935136045825962,2026-09-30 20:51:58.569591,2026-09-30 20:52:38.009885,0 days 00:00:39.440294,0.0005105903209394755,0.9998803018433402,False,0.9935136045825962,0.9889317457655542,0.9981381178063643,COMPLETE
10,0.9922598014470806,2026-09-30 20:52:38.262982,2026-09-30 20:53:18.262344,0 days 00:00:39.999362,0.0009538824195195518,0.9998261253918697,False,0.9922598014470806,0.9864503178320508,0.9981381178063643,COMPLETE
11,0.9922637066935756,2026-09-30 20:53:18.536926,2026-09-30 20:53:58.140236,0 days 00:00:39.603310,0.0006442943830636942,0.9998839403464268,False,0.9922637066935756,0.9859625668449198,0.998645903859174,COMPLETE
12,0.9933574371479021,2026-09-30 20:53:58.438587,2026-09-30 20:54:38.749196,0 days 00:00:40.310609,0.000952932542353271,0.9999309543902465,False,0.9933574371479021,0.9869674185463659,0.9998307379823967,COMPLETE
13,-2.611717462539673,2026-09-30 20:54:39.008862,2026-09-30 20:54:45.166030,0 days 00:00:06.157168,0.0002849570198514998,,,,,,PRUNED
14,-0.5719416737556458,2026-09-30 20:54:45.453391,2026-09-30 20:54:54.143795,0 days 00:00:08.690404,0.0005190026940471794,,,,,,PRUNED
15,0.9937762825904121,2026-09-30 20:54:54.408732,2026-09-30 20:55:35.199512,0 days 00:00:40.790780,0.000724367734541875,0.9998922487393016,False,0.9937762825904121,0.9876295553326646,1.0,COMPLETE
16,0.9928445155316103,2026-09-30 20:55:35.530982,2026-09-30 20:56:16.448264,0 days 00:00:40.917282,0.0007743285885547309,0.999829563347542,False,0.9928445155316103,0.9876067660358399,0.9981381178063643,COMPLETE
17,-2.893268346786499,2026-09-30 20:56:16.748266,2026-09-30 20:56:22.876204,0 days 00:00:06.127938,0.00021740496714591891,,,,,,PRUNED
18,-1.6538091897964478,2026-09-30 20:56:23.164133,2026-09-30 20:56:30.314886,0 days 00:00:07.150753,0.00037200421858988545,,,,,,PRUNED
19,0.9945281589359374,2026-09-30 20:56:30.701778,2026-09-30 20:57:11.895320,0 days 00:00:41.193542,0.000989938707540257,0.999917489063863,False,0.9945281589359374,0.989281527382348,0.9998307379823967,COMPLETE
20,-0.19096532464027405,2026-09-30 20:57:12.252787,2026-09-30 20:57:25.686706,0 days 00:00:13.433919,0.0009907347998320388,,,,,,PRUNED
21,-0.23972190916538239,2026-09-30 20:57:25.967960,2026-09-30 20:57:37.367654,0 days 00:00:11.399694,0.0007409497433963948,,,,,,PRUNED
22,-0.027538646012544632,2026-09-30 20:57:37.755244,2026-09-30 20:58:17.615232,0 days 00:00:39.859988,0.000626826597487662,,,,,,PRUNED
23,-0.5105791687965393,2026-09-30 20:58:20.192752,2026-09-30 20:58:29.321682,0 days 00:00:09.128930,0.0007810334526357439,,,,,,PRUNED
24,0.9930246239179763,2026-09-30 20:58:29.568041,2026-09-30 20:59:11.069632,0 days 00:00:41.501591,0.0008515483320349086,0.999849990534162,False,0.9930246239179763,0.986145885494909,1.0,COMPLETE
25,-0.21145321428775787,2026-09-30 20:59:11.383188,2026-09-30 20:59:23.206987,0 days 00:00:11.823799,0.000611047217572907,,,,,,PRUNED
26,-1.2941501140594482,2026-09-30 20:59:23.468841,2026-09-30 20:59:30.303738,0 days 00:00:06.834897,0.0004896552590776571,,,,,,PRUNED
27,-0.6043969392776489,2026-09-30 20:59:30.598468,2026-09-30 20:59:38.608616,0 days 00:00:08.010148,0.0008669897552211359,,,,,,PRUNED
28,-0.6599465012550354,2026-09-30 20:59:38.892505,2026-09-30 20:59:46.617680,0 days 00:00:07.725175,0.000664452669531479,,,,,,PRUNED
29,-2.893458604812622,2026-09-30 20:59:50.577873,2026-09-30 20:59:56.494272,0 days 00:00:05.916399,0.00024411485271580186,,,,,,PRUNED
30,-1.6968045234680176,2026-09-30 20:59:56.870249,2026-09-30 21:00:03.874411,0 days 00:00:07.004162,0.0004497831277287406,,,,,,PRUNED
31,-1.5946558713912964,2026-09-30 21:00:04.161432,2026-09-30 21:00:11.767701,0 days 00:00:07.606269,0.0005794738295153857,,,,,,PRUNED
32,-0.027759568765759468,2026-09-30 21:00:12.107026,2026-09-30 21:00:58.421369,0 days 00:00:46.314343,0.0008372366901779342,,,,,,PRUNED
33,0.9938598704685003,2026-09-30 21:00:58.743029,2026-09-30 21:01:39.249300,0 days 00:00:40.506271,0.0007062571980862121,0.9999190647935461,False,0.9938598704685003,0.9877946831633506,1.0,COMPLETE
34,-0.7365564703941345,2026-09-30 21:01:39.562503,2026-09-30 21:01:46.591358,0 days 00:00:07.028855,0.0007094116320379908,,,,,,PRUNED
35,-0.060519590973854065,2026-09-30 21:01:46.847902,2026-09-30 21:02:15.161502,0 days 00:00:28.313600,0.000992161339207187,,,,,,PRUNED
36,0.9938598704685003,2026-09-30 21:02:15.445760,2026-09-30 21:02:58.131049,0 days 00:00:42.685289,0.0008614860253318204,0.9999043961826775,False,0.9938598704685003,0.9877946831633506,1.0,COMPLETE
37,-0.9870069026947021,2026-09-30 21:02:58.437363,2026-09-30 21:03:05.199215,0 days 00:00:06.761852,0.0008491529317893226,,,,,,PRUNED
38,-4.139852046966553,2026-09-30 21:03:05.479169,2026-09-30 21:03:12.259963,0 days 00:00:06.780794,0.00017986597623285592,,,,,,PRUNED
39,-1.2335736751556396,2026-09-30 21:03:12.537706,2026-09-30 21:03:18.662479,0 days 00:00:06.124773,0.0005639459371780078,,,,,,PRUNED
40,-1.6108903884887695,2026-09-30 21:03:18.993412,2026-09-30 21:03:25.906886,0 days 00:00:06.913474,0.00043796213832808425,,,,,,PRUNED
41,-0.8644443154335022,2026-09-30 21:03:26.217174,2026-09-30 21:03:33.043114,0 days 00:00:06.825940,0.0006850605879471519,,,,,,PRUNED
42,0.9915923995291743,2026-09-30 21:03:33.424603,2026-09-30 21:04:15.473260,0 days 00:00:42.048657,0.0009016711146208488,0.9998929076808055,False,0.9915923995291743,0.9851319746074173,0.9981381178063643,COMPLETE
43,-1.4869251251220703,2026-09-30 21:04:15.744265,2026-09-30 21:04:22.454474,0 days 00:00:06.710209,0.000781470987599065,,,,,,PRUNED
44,-1.1419341564178467,2026-09-30 21:04:22.760821,2026-09-30 21:04:28.989577,0 days 00:00:06.228756,0.0006982004135446474,,,,,,PRUNED
45,-0.59886234998703,2026-09-30 21:04:29.303925,2026-09-30 21:04:36.460229,0 days 00:00:07.156304,0.0009951961844353245,,,,,,PRUNED
46,-2.118525981903076,2026-09-30 21:04:36.788201,2026-09-30 21:04:43.362541,0 days 00:00:06.574340,0.00035160108546610365,,,,,,PRUNED
47,-0.12723442912101746,2026-09-30 21:04:43.748743,2026-09-30 21:04:59.030700,0 days 00:00:15.281957,0.0008147029279708455,,,,,,PRUNED
48,-0.03037719614803791,2026-09-30 21:04:59.357201,2026-09-30 21:05:35.037275,0 days 00:00:35.680074,0.0009070098899913952,,,,,,PRUNED
49,-5.39345645904541,2026-09-30 21:05:35.453836,2026-09-30 21:05:41.994660,0 days 00:00:06.540824,0.00011194654443443578,,,,,,PRUNED
