number,value,datetime_start,datetime_complete,duration,params_learning_rate,user_attrs_auc,user_attrs_collapsed,user_attrs_f1,user_attrs_precision,user_attrs_recall,state
0,0.8264674073345787,2026-09-30 20:30:04.597555,2026-09-30 20:30:07.513806,0 days 00:00:02.916251,0.00023688639503640813,0.8964596906573326,False,0.8264674073345787,0.9859254046446164,0.7114082599864591,COMPLETE
1,0.925552958101061,2026-09-30 20:30:07.752936,2026-09-30 20:30:11.007849,0 days 00:00:03.254913,0.0008927180304353628,0.9813375446762339,False,0.925552958101061,0.9871499808208669,0.8711916046039269,COMPLETE
2,0.7782220855121501,2026-09-30 20:30:11.215487,2026-09-30 20:30:13.595732,0 days 00:00:02.380245,0.0005395030966670229,0.8848466488412485,False,0.7782220855121501,0.9869960988296489,0.6423493568043331,COMPLETE
3,0.9530590717299579,2026-09-30 20:30:13.881198,2026-09-30 20:30:17.418307,0 days 00:00:03.537109,0.00039687933304443713,0.9787750071165683,False,0.9530590717299579,0.9914045354791514,0.9175693974272173,COMPLETE
4,0.8686581318160266,2026-09-30 20:30:17.671751,2026-09-30 20:30:22.279255,0 days 00:00:04.607504,0.0001432249371823026,0.9394571708650217,False,0.8686581318160266,0.9877075695492775,0.7752200406228842,COMPLETE
5,0.9924267923258162,2026-09-30 20:30:22.534564,2026-09-30 20:30:30.356215,0 days 00:00:07.821651,0.00014321698289111514,0.9983179515376601,False,0.9924267923258162,0.9867804551539491,0.9981381178063643,COMPLETE
6,0.7759293489422879,2026-09-30 20:30:30.586502,2026-09-30 20:30:34.560427,0 days 00:00:03.973925,0.00011430983876313228,0.7813769178635719,False,0.7759293489422879,0.9864229765013055,0.6394719025050779,COMPLETE
7,0.9537678743749451,2026-09-30 20:30:34.836955,2026-09-30 20:30:39.015819,0 days 00:00:04.178864,0.0007348118405270452,0.9878531725913338,False,0.9537678743749451,0.9899836095428883,0.920108327691266,COMPLETE
8,0.8092762894842063,2026-09-30 20:30:39.274281,2026-09-30 20:30:42.537375,0 days 00:00:03.263094,0.0003991305878561678,0.9211291426792859,False,0.8092762894842063,0.98828125,0.6851726472579553,COMPLETE
9,0.992571332095222,2026-09-30 20:30:42.811534,2026-09-30 20:30:46.940747,0 days 00:00:04.129213,0.0005105903209394755,0.9977698268049611,False,0.992571332095222,0.9900639946109802,0.9950914014895057,COMPLETE
10,0.9199238233427043,2026-09-30 20:30:47.184036,2026-09-30 20:30:51.373145,0 days 00:00:04.189109,0.00020480725405025007,0.9749907920087242,False,0.9199238233427043,0.9908185192420395,0.8584969532836831,COMPLETE
11,-18.820404052734375,2026-09-30 20:30:51.591883,2026-09-30 20:30:54.630008,0 days 00:00:03.038125,0.0002391938700792015,,,,,,PRUNED
12,-20.899845123291016,2026-09-30 20:30:54.872945,2026-09-30 20:30:56.623588,0 days 00:00:01.750643,0.0005476396309182134,,,,,,PRUNED
13,-9.874577522277832,2026-09-30 20:30:56.891027,2026-09-30 20:30:58.955107,0 days 00:00:02.064080,0.0001503609026835189,,,,,,PRUNED
14,0.9145710394916023,2026-09-30 20:30:59.183111,2026-09-30 20:31:02.135974,0 days 00:00:02.952863,0.00033216242494049755,0.9587658472566718,False,0.9145710394916023,0.9862933228901508,0.8525727826675694,COMPLETE
15,0.9594912448819584,2026-09-30 20:31:02.387586,2026-09-30 20:31:05.835162,0 days 00:00:03.447576,0.000541001344481548,0.9910146163539425,False,0.9594912448819584,0.9885119368156525,0.9321259309410969,COMPLETE
16,-13.098235130310059,2026-09-30 20:31:06.058149,2026-09-30 20:31:07.824168,0 days 00:00:01.766019,0.00010365608446758534,,,,,,PRUNED
17,0.83515625,2026-09-30 20:31:08.094798,2026-09-30 20:31:11.212506,0 days 00:00:03.117708,0.0002973893775928242,0.928632824729811,False,0.83515625,0.987072945521699,0.7237643872714963,COMPLETE
18,-11.527379035949707,2026-09-30 20:31:11.442038,2026-09-30 20:31:13.191330,0 days 00:00:01.749292,0.00016123267091706025,,,,,,PRUNED
19,-6.238440036773682,2026-09-30 20:31:13.426268,2026-09-30 20:31:15.743206,0 days 00:00:02.316938,0.0006541734194266678,,,,,,PRUNED
20,0.8682038144036436,2026-09-30 20:31:15.990798,2026-09-30 20:31:18.685400,0 days 00:00:02.694602,0.0009696298314138203,0.9489224071740509,False,0.8682038144036436,0.9879075793565105,0.774373730534868,COMPLETE
21,0.9937647455342097,2026-09-30 20:31:18.905759,2026-09-30 20:31:22.321178,0 days 00:00:03.415419,0.000480100526563219,0.9991469285991614,False,0.9937647455342097,0.9894295302013423,0.9981381178063643,COMPLETE
22,0.842023346303502,2026-09-30 20:31:22.647090,2026-09-30 20:31:25.566929,0 days 00:00:02.919839,0.00042125095138948165,0.9645466694460628,False,0.842023346303502,0.989935956084172,0.7325660121868652,COMPLETE
23,-8.410360336303711,2026-09-30 20:31:25.831918,2026-09-30 20:31:27.461858,0 days 00:00:01.629940,0.00031632997749726186,,,,,,PRUNED
24,0.9928445155316103,2026-09-30 20:31:27.869901,2026-09-30 20:31:31.418640,0 days 00:00:03.548739,0.0006900115782345376,0.9980258972032918,False,0.9928445155316103,0.9876067660358399,0.9981381178063643,COMPLETE
25,0.9392402811137799,2026-09-30 20:31:31.642543,2026-09-30 20:31:34.789701,0 days 00:00:03.147158,0.0006818843118192249,0.9860741308045872,False,0.9392402811137799,0.9898743671479467,0.8935341909275558,COMPLETE
26,0.9145096609551586,2026-09-30 20:31:35.015603,2026-09-30 20:31:37.914331,0 days 00:00:02.898728,0.00046803016638482023,0.9547136148545354,False,0.9145096609551586,0.9907187993680885,0.8491875423155044,COMPLETE
27,0.9922415247090571,2026-09-30 20:31:38.241124,2026-09-30 20:31:41.596817,0 days 00:00:03.355693,0.0007710593331678409,0.9973844319740879,False,0.9922415247090571,0.9887394957983193,0.9957684495599187,COMPLETE
28,-6.928042888641357,2026-09-30 20:31:41.813425,2026-09-30 20:31:43.555689,0 days 00:00:01.742264,0.0006253940641490196,,,,,,PRUNED
29,0.9933462477891013,2026-09-30 20:31:43.807029,2026-09-30 20:31:47.558172,0 days 00:00:03.751143,0.0007956223526838881,0.9991589614440148,False,0.9933462477891013,0.9886001676445935,0.9981381178063643,COMPLETE
30,0.9687121866897148,2026-09-30 20:31:47.779798,2026-09-30 20:31:50.569650,0 days 00:00:02.789852,0.0008447620146515493,0.9958255769233415,False,0.9687121866897148,0.9897562698693041,0.9485443466486121,COMPLETE
31,-8.051122665405273,2026-09-30 20:31:50.818248,2026-09-30 20:31:52.439001,0 days 00:00:01.620753,0.0004892564965620164,,,,,,PRUNED
32,-3.4843056201934814,2026-09-30 20:31:52.689318,2026-09-30 20:31:54.534306,0 days 00:00:01.844988,0.0005938844062598985,,,,,,PRUNED
33,0.98650598319613,2026-09-30 20:31:54.806688,2026-09-30 20:31:57.769916,0 days 00:00:02.963228,0.0008414139936327932,0.9968966147138085,False,0.98650598319613,0.9892765957446809,0.983750846310088,COMPLETE
34,0.9822707125809751,2026-09-30 20:31:58.010412,2026-09-30 20:32:00.735707,0 days 00:00:02.725295,0.0009785324054567813,0.9940795108614188,False,0.9822707125809751,0.9893543956043956,0.9752877454299256,COMPLETE
35,-18.409908294677734,2026-09-30 20:32:00.976049,2026-09-30 20:32:02.625387,0 days 00:00:01.649338,0.00045489862560896813,,,,,,PRUNED
36,-4.826722145080566,2026-09-30 20:32:02.885193,2026-09-30 20:32:04.764139,0 days 00:00:01.878946,0.0007494862093659348,,,,,,PRUNED
37,-8.114258766174316,2026-09-30 20:32:05.037665,2026-09-30 20:32:06.791275,0 days 00:00:01.753610,0.00035662716709110846,,,,,,PRUNED
38,0.9251037718823317,2026-09-30 20:32:07.040936,2026-09-30 20:32:10.032357,0 days 00:00:02.991421,0.0005802581193629711,0.9722179948100621,False,0.9251037718823317,0.9907228449942018,0.8676371022342586,COMPLETE
39,0.9235204035672462,2026-09-30 20:32:10.311469,2026-09-30 20:32:13.079523,0 days 00:00:02.768054,0.0004943175814582108,0.9628337223571173,False,0.9235204035672462,0.9870980165607549,0.8676371022342586,COMPLETE
40,-6.707345962524414,2026-09-30 20:32:13.357322,2026-09-30 20:32:15.212213,0 days 00:00:01.854891,0.0002742396004421407,,,,,,PRUNED
41,-9.214035034179688,2026-09-30 20:32:15.460125,2026-09-30 20:32:17.198146,0 days 00:00:01.738021,0.00019926416650111318,,,,,,PRUNED
42,-2.8653652667999268,2026-09-30 20:32:17.420496,2026-09-30 20:32:19.287376,0 days 00:00:01.866880,0.000389769452031189,,,,,,PRUNED
43,-2.2984211444854736,2026-09-30 20:32:19.507963,2026-09-30 20:32:21.287541,0 days 00:00:01.779578,0.0007457268564616632,,,,,,PRUNED
44,-11.558120727539062,2026-09-30 20:32:21.515752,2026-09-30 20:32:23.139970,0 days 00:00:01.624218,0.00012732785250074168,,,,,,PRUNED
45,-2.8872082233428955,2026-09-30 20:32:23.488646,2026-09-30 20:32:25.590113,0 days 00:00:02.101467,0.0006995596164194511,,,,,,PRUNED
46,-9.608016014099121,2026-09-30 20:32:25.842215,2026-09-30 20:32:27.728101,0 days 00:00:01.885886,0.00018703269345230036,,,,,,PRUNED
47,-7.162866115570068,2026-09-30 20:32:28.054898,2026-09-30 20:32:29.637969,0 days 00:00:01.583071,0.00023972903255264238,,,,,,PRUNED
48,-8.695302963256836,2026-09-30 20:32:30.107686,2026-09-30 20:32:31.737475,0 days 00:00:01.629789,0.0005250607771712685,,,,,,PRUNED
49,-7.3328938484191895,2026-09-30 20:32:31.976369,2026-09-30 20:32:33.674683,0 days 00:00:01.698314,0.0008390238817377368,,,,,,PRUNED
