number,value,datetime_start,datetime_complete,duration,params_learning_rate,user_attrs_auc,user_attrs_collapsed,user_attrs_f1,user_attrs_precision,user_attrs_recall,state
0,0.9935245143385754,2026-09-30 20:32:34.003654,2026-09-30 20:33:00.061427,0 days 00:00:26.057773,0.00023688639503640813,0.9999334469081089,False,0.9935245143385754,0.9872973424703326,0.9998307379823967,COMPLETE
1,0.9938598704685003,2026-09-30 20:33:00.384627,2026-09-30 20:33:26.956415,0 days 00:00:26.571788,0.0008927180304353628,0.9999547049340164,False,0.9938598704685003,0.9877946831633506,1.0,COMPLETE
2,0.9943616931751241,2026-09-30 20:33:27.386770,2026-09-30 20:33:53.134934,0 days 00:00:25.748164,0.0005395030966670229,0.9999554784740428,False,0.9943616931751241,0.988786610878661,1.0,COMPLETE
3,0.993858837385379,2026-09-30 20:33:53.455034,2026-09-30 20:34:20.108501,0 days 00:00:26.653467,0.00039687933304443713,0.9999243363255772,False,0.993858837385379,0.9879578524836929,0.9998307379823967,COMPLETE
4,0.9932625905339397,2026-09-30 20:34:20.388785,2026-09-30 20:34:46.685338,0 days 00:00:26.296553,0.0001432249371823026,0.9996074714111067,False,0.9932625905339397,0.988434461951056,0.9981381178063643,COMPLETE
5,0.9944444444444445,2026-09-30 20:34:46.998004,2026-09-30 20:35:13.421462,0 days 00:00:26.423458,0.00014321698289111514,0.9997246484002734,False,0.9944444444444445,0.9891158740790355,0.9998307379823967,COMPLETE
6,0.9922598014470806,2026-09-30 20:35:13.840048,2026-09-30 20:35:40.419866,0 days 00:00:26.579818,0.00011430983876313228,0.9998116286787845,False,0.9922598014470806,0.9864503178320508,0.9981381178063643,COMPLETE
7,0.993858837385379,2026-09-30 20:35:40.729901,2026-09-30 20:36:07.743996,0 days 00:00:27.014095,0.0007348118405270452,0.999952212416154,False,0.993858837385379,0.9879578524836929,0.9998307379823967,COMPLETE
8,0.9924395161290323,2026-09-30 20:36:08.085634,2026-09-30 20:36:34.850518,0 days 00:00:26.764884,0.0003991305878561678,0.9999465684389253,False,0.9924395161290323,0.9851567711807871,0.9998307379823967,COMPLETE
9,-0.035358328372240067,2026-09-30 20:36:35.209169,2026-09-30 20:36:49.568596,0 days 00:00:14.359427,0.0005105903209394755,,,,,,PRUNED
10,-2.8082618713378906,2026-09-30 20:36:50.045689,2026-09-30 20:36:57.088760,0 days 00:00:07.043071,0.00020480725405025007,,,,,,PRUNED
11,0.9950307420197085,2026-09-30 20:36:57.404797,2026-09-30 20:37:24.382709,0 days 00:00:26.977912,0.0005799533344742158,0.9999528713576579,False,0.9950307420197085,0.990276613579212,0.9998307379823967,COMPLETE
12,-2.1422040462493896,2026-09-30 20:37:24.678736,2026-09-30 20:37:31.722112,0 days 00:00:07.043376,0.00020124242565636464,,,,,,PRUNED
13,-1.289227843284607,2026-09-30 20:37:32.057697,2026-09-30 20:37:39.136939,0 days 00:00:07.079242,0.00026870982665784944,,,,,,PRUNED
14,-5.766455173492432,2026-09-30 20:37:39.450691,2026-09-30 20:37:46.341291,0 days 00:00:06.890600,0.00010360179119466739,,,,,,PRUNED
15,-3.179427146911621,2026-09-30 20:37:46.685062,2026-09-30 20:37:53.883728,0 days 00:00:07.198666,0.00016309957895599484,,,,,,PRUNED
16,-1.1012810468673706,2026-09-30 20:37:54.173652,2026-09-30 20:38:01.279049,0 days 00:00:07.105397,0.00035223031321754037,,,,,,PRUNED
17,-0.0360959954559803,2026-09-30 20:38:01.578407,2026-09-30 20:38:15.655797,0 days 00:00:14.077390,0.0006144118471613639,,,,,,PRUNED
18,-1.0210226774215698,2026-09-30 20:38:15.983570,2026-09-30 20:38:23.835325,0 days 00:00:07.851755,0.00030848929071167495,,,,,,PRUNED
19,0.9951991914427694,2026-09-30 20:38:24.257903,2026-09-30 20:38:51.230089,0 days 00:00:26.972186,0.0009871794054829106,0.999956538510375,False,0.9951991914427694,0.9904442581726739,1.0,COMPLETE
20,0.9954507160909857,2026-09-30 20:38:51.572963,2026-09-30 20:39:19.718860,0 days 00:00:28.145897,0.0009906991009903086,0.9999510950805605,False,0.9954507160909857,0.9909426366990942,1.0,COMPLETE
21,0.9951983826130907,2026-09-30 20:39:20.014704,2026-09-30 20:39:47.491867,0 days 00:00:27.477163,0.0009452609081634707,0.9999519545694786,False,0.9951983826130907,0.9906087539828945,0.9998307379823967,COMPLETE
22,0.9948640229014061,2026-09-30 20:39:47.865705,2026-09-30 20:40:16.415501,0 days 00:00:28.549796,0.000927942629907896,0.9999524702628294,False,0.9948640229014061,0.9897805327525548,1.0,COMPLETE
23,0.9946127946127946,2026-09-30 20:40:16.827966,2026-09-30 20:40:47.823175,0 days 00:00:30.995209,0.0009920729927338282,0.9999559082185018,False,0.9946127946127946,0.9892833221701273,1.0,COMPLETE
24,0.9942780208683945,2026-09-30 20:40:48.190459,2026-09-30 20:41:14.102037,0 days 00:00:25.911578,0.000746775607723623,0.9999408671624352,False,0.9942780208683945,0.9886211512717537,1.0,COMPLETE
25,-0.019786788150668144,2026-09-30 20:41:14.435646,2026-09-30 20:41:31.365068,0 days 00:00:16.929422,0.0007673728608713013,,,,,,PRUNED
26,-0.5088065266609192,2026-09-30 20:41:31.665355,2026-09-30 20:41:38.212454,0 days 00:00:06.547099,0.00069344297189407,,,,,,PRUNED
27,-0.35306981205940247,2026-09-30 20:41:38.654568,2026-09-30 20:41:45.313393,0 days 00:00:06.658825,0.0008617818624422619,,,,,,PRUNED
28,-0.6531350016593933,2026-09-30 20:41:45.619220,2026-09-30 20:41:52.575523,0 days 00:00:06.956303,0.000465571758619321,,,,,,PRUNED
29,-0.45202064514160156,2026-09-30 20:41:52.862938,2026-09-30 20:42:00.159539,0 days 00:00:07.296601,0.0006251957350744175,,,,,,PRUNED
30,0.9953668604161402,2026-09-30 20:42:00.502393,2026-09-30 20:42:45.906144,0 days 00:00:45.403751,0.0008286181087424592,0.999938202746789,False,0.9953668604161402,0.9907764548046285,1.0,COMPLETE
31,-0.26410090923309326,2026-09-30 20:42:46.198690,2026-09-30 20:42:53.391755,0 days 00:00:07.193065,0.0009989796907853396,,,,,,PRUNED
32,0.9954507160909857,2026-09-30 20:42:53.681007,2026-09-30 20:43:20.792590,0 days 00:00:27.111583,0.0008369529782515748,0.9999289489161043,False,0.9954507160909857,0.9909426366990942,1.0,COMPLETE
33,0.993942453306411,2026-09-30 20:43:21.265833,2026-09-30 20:43:49.433580,0 days 00:00:28.167747,0.0008338646195931439,0.9999531578539639,False,0.993942453306411,0.9881231180996989,0.9998307379823967,COMPLETE
34,-0.5135992169380188,2026-09-30 20:43:49.883758,2026-09-30 20:43:56.807986,0 days 00:00:06.924228,0.0006681208242604343,,,,,,PRUNED
35,-0.032327067106962204,2026-09-30 20:43:57.188895,2026-09-30 20:44:10.389153,0 days 00:00:13.200258,0.0008263207973492109,,,,,,PRUNED
36,-0.6180770397186279,2026-09-30 20:44:10.718728,2026-09-30 20:44:17.408673,0 days 00:00:06.689945,0.0004932245661194652,,,,,,PRUNED
37,-0.5691224932670593,2026-09-30 20:44:17.747885,2026-09-30 20:44:25.173429,0 days 00:00:07.425544,0.0007952320430338013,,,,,,PRUNED
38,-0.7529023289680481,2026-09-30 20:44:25.527122,2026-09-30 20:44:32.927757,0 days 00:00:07.400635,0.0005715896116759075,,,,,,PRUNED
39,-0.6739996075630188,2026-09-30 20:44:33.290637,2026-09-30 20:44:40.400910,0 days 00:00:07.110273,0.0004309298901852637,,,,,,PRUNED
40,-0.38036414980888367,2026-09-30 20:44:40.886019,2026-09-30 20:44:47.616042,0 days 00:00:06.730023,0.0006821633722734199,,,,,,PRUNED
41,-0.020733345299959183,2026-09-30 20:44:47.903994,2026-09-30 20:45:03.119799,0 days 00:00:15.215805,0.0009115694834523761,,,,,,PRUNED
42,-0.03491078317165375,2026-09-30 20:45:03.494596,2026-09-30 20:45:14.782047,0 days 00:00:11.287451,0.00091079182355445,,,,,,PRUNED
43,0.9951991914427694,2026-09-30 20:45:15.085621,2026-09-30 20:45:42.141848,0 days 00:00:27.056227,0.0009975097889217874,0.999955249276998,False,0.9951991914427694,0.9904442581726739,1.0,COMPLETE
44,-0.26379531621932983,2026-09-30 20:45:42.460692,2026-09-30 20:45:49.259920,0 days 00:00:06.799228,0.0008036676952502783,,,,,,PRUNED
45,-0.03889280557632446,2026-09-30 20:45:49.581279,2026-09-30 20:46:00.644058,0 days 00:00:11.062779,0.000997781253947183,,,,,,PRUNED
46,-0.208688423037529,2026-09-30 20:46:01.032018,2026-09-30 20:46:08.027023,0 days 00:00:06.995005,0.0007224168254608733,,,,,,PRUNED
47,-0.22366324067115784,2026-09-30 20:46:08.376779,2026-09-30 20:46:15.292110,0 days 00:00:06.915331,0.0008646905187712771,,,,,,PRUNED
48,-0.3439634144306183,2026-09-30 20:46:15.577449,2026-09-30 20:46:22.964085,0 days 00:00:07.386636,0.0006427854453713893,,,,,,PRUNED
49,-0.32506340742111206,2026-09-30 20:46:23.294100,2026-09-30 20:46:30.191582,0 days 00:00:06.897482,0.0007629565733392809,,,,,,PRUNED
