number,value,datetime_start,datetime_complete,duration,params_decay,params_learning_rate,params_surrogate_scale,params_threshold,user_attrs_auc,user_attrs_collapsed,user_attrs_f1,user_attrs_precision,user_attrs_recall,state
0,0.9355442631719711,2026-09-30 20:21:05.366344,2026-09-30 20:21:15.832602,0 days 00:00:10.466258,0.9179642991664454,0.00039687933304443713,15.175890952605291,0.5247240713084176,0.9773232157353856,False,0.9355442631719711,0.9883217178376342,0.8881178063642519,COMPLETE
1,0.9851304273940011,2026-09-30 20:21:16.084580,2026-09-30 20:21:25.998563,0 days 00:00:09.913983,0.4013964382185317,0.0007348118405270452,3.0455050190275905,0.39361118426546193,0.9971857754354859,False,0.9851304273940011,0.9890803617130183,0.9812119160460393,COMPLETE
2,0.9908799189326127,2026-09-30 20:21:26.318407,2026-09-30 20:21:36.628946,0 days 00:00:10.310539,0.7602471755674295,0.0009330606024425672,2.370520897324444,0.6606690070459253,0.9978287017958506,False,0.9908799189326127,0.9887091338051904,0.9930602572782667,COMPLETE
3,0.8046092184368737,2026-09-30 20:21:36.840778,2026-09-30 20:21:46.964580,0 days 00:00:10.123802,0.4380204219408795,0.00015254729458052615,5.272849409727812,0.7994655844802532,0.8923486262387527,False,0.8046092184368737,0.9860019646365422,0.679587000677048,COMPLETE
4,0.9137711478988539,2026-09-30 20:21:47.182643,2026-09-30 20:21:57.547281,0 days 00:00:10.364638,0.6410916805609546,0.00019553708662745247,9.775010335558083,0.4825453457757226,0.9334084746294915,False,0.9137711478988539,0.9876130554463233,0.850203114421124,COMPLETE
5,0.8505060240963855,2026-09-30 20:21:57.757573,2026-09-30 20:22:08.146517,0 days 00:00:10.388944,0.39067100942382715,0.0002324672848950435,7.258603673633926,0.6671117368334277,0.9373692144362968,False,0.8505060240963855,0.9876874860085069,0.7467840216655383,COMPLETE
6,0.8965325936199723,2026-09-30 20:22:08.431621,2026-09-30 20:22:18.460318,0 days 00:00:10.028697,0.8103643749054588,0.00032676417657817656,5.594128078850475,0.5736419905302216,0.9652586843906268,False,0.8965325936199723,0.98797636030161,0.8205822613405552,COMPLETE
7,0.8406502482234985,2026-09-30 20:22:18.685020,2026-09-30 20:22:28.627996,0 days 00:00:09.942976,0.3301927682679985,0.00014808945119975197,12.93580733422589,0.6554487413172255,0.9027908292761637,False,0.8406502482234985,0.9892325315005728,0.7308733920108328,COMPLETE
8,0.964691593649692,2026-09-30 20:22:28.869978,2026-09-30 20:22:38.985823,0 days 00:00:10.115845,0.9167755992146664,0.0006432759992849892,19.38137659534207,0.3390309557911677,0.9946157316726021,False,0.964691593649692,0.989499911016195,0.9410968178740691,COMPLETE
9,-15.739508628845215,2026-09-30 20:22:39.345695,2026-09-30 20:22:42.057934,0 days 00:00:02.712239,0.3634868741041495,0.00027551959649510803,14.316194477218824,0.4827682615040224,,,,,,PRUNED
10,0.9698800379735911,2026-09-30 20:22:42.332248,2026-09-30 20:22:52.767071,0 days 00:00:10.434823,0.6632530838673538,0.0009017613421524535,2.135851747693275,0.8723937263670647,0.9941118419695543,False,0.9698800379735911,0.9894347596407819,0.9510832769126608,COMPLETE
11,0.9924976818679929,2026-09-30 20:22:53.034204,2026-09-30 20:23:03.459019,0 days 00:00:10.424815,0.5235139036734596,0.0009546280615074035,2.2725962678496243,0.3092206423968626,0.9987781505540381,False,0.9924976818679929,0.9885810243492863,0.9964454976303317,COMPLETE
12,-15.357439041137695,2026-09-30 20:23:03.752689,2026-09-30 20:23:06.606337,0 days 00:00:02.853648,0.5467427582231452,0.0004979157893318771,8.222489285432708,0.7467965396704415,,,,,,PRUNED
13,0.9932489451476794,2026-09-30 20:23:06.882504,2026-09-30 20:23:17.193814,0 days 00:00:10.311310,0.7669769122508314,0.0009306538620868056,4.548139543069102,0.6971949862597433,0.998249736767194,False,0.9932489451476794,0.9904072702793673,0.9961069735951252,COMPLETE
14,0.9450044208664898,2026-09-30 20:23:17.524924,2026-09-30 20:23:27.812165,0 days 00:00:10.287241,0.5294725965654594,0.0005478839415348694,5.124546506453482,0.30649009200536487,0.9852006895163896,False,0.9450044208664898,0.9892632358385783,0.9045362220717671,COMPLETE
15,-14.05513858795166,2026-09-30 20:23:28.035732,2026-09-30 20:23:30.929278,0 days 00:00:02.893546,0.7481987907284173,0.0007444247262503605,10.732483182117374,0.7626603879017229,,,,,,PRUNED
16,0.9936820823856457,2026-09-30 20:23:31.185586,2026-09-30 20:23:41.329561,0 days 00:00:10.143975,0.5017665009376935,0.0009908696623769006,3.9695427008553135,0.40980220072194595,0.9984243562657201,False,0.9936820823856457,0.9890994465872883,0.9983073798239676,COMPLETE
17,-8.644777297973633,2026-09-30 20:23:41.593177,2026-09-30 20:23:44.230562,0 days 00:00:02.637385,0.6923404072131859,0.0005085954111067418,7.694228422120219,0.41251957886002044,,,,,,PRUNED
18,-13.920060157775879,2026-09-30 20:23:44.513006,2026-09-30 20:23:47.141846,0 days 00:00:02.628840,0.833267311845371,0.0003869671850285929,5.114340740013017,0.5981379978473441,,,,,,PRUNED
19,-15.094324111938477,2026-09-30 20:23:47.419244,2026-09-30 20:23:50.013322,0 days 00:00:02.594078,0.5845584194903967,0.0007092340073985234,18.44484654692835,0.8811077208739583,,,,,,PRUNED
20,-5.563810348510742,2026-09-30 20:23:50.330008,2026-09-30 20:23:53.666815,0 days 00:00:03.336807,0.4672048856633677,0.0009880327593856629,9.4737190945394,0.7059141954855972,,,,,,PRUNED
21,-16.09358024597168,2026-09-30 20:23:53.935372,2026-09-30 20:23:56.719613,0 days 00:00:02.784241,0.4878137111458254,0.00010857120620139613,3.2554760245787735,0.3692202471028358,,,,,,PRUNED
22,-5.513854503631592,2026-09-30 20:23:56.994280,2026-09-30 20:23:59.571666,0 days 00:00:02.577386,0.5922015367704061,0.0008791222784206649,4.095291640820489,0.4313299539738864,,,,,,PRUNED
23,0.98790902172994,2026-09-30 20:23:59.835551,2026-09-30 20:24:12.635790,0 days 00:00:12.800239,0.5230532791077652,0.0006033078893315254,6.627122376842834,0.30141823261950457,0.9983213608437017,False,0.98790902172994,0.9869910457847609,0.9888287068381855,COMPLETE
24,-2.834965705871582,2026-09-30 20:24:12.905653,2026-09-30 20:24:15.848547,0 days 00:00:02.942894,0.7068986511372043,0.000772279436165107,3.82394545964757,0.45259702035930427,,,,,,PRUNED
25,-15.245783805847168,2026-09-30 20:24:16.143734,2026-09-30 20:24:18.631947,0 days 00:00:02.488213,0.6072276995696958,0.00042984293087135444,6.307618286262752,0.5409291698789275,,,,,,PRUNED
26,0.9819889031156637,2026-09-30 20:24:18.885783,2026-09-30 20:24:28.957357,0 days 00:00:10.071574,0.4463628398466923,0.0008231673465495556,4.236474820987508,0.3590675999936199,0.9975453282995551,False,0.9819889031156637,0.9905286722920613,0.973595125253893,COMPLETE
27,0.9934310257705912,2026-09-30 20:24:29.223530,2026-09-30 20:24:39.748747,0 days 00:00:10.525217,0.8290959086255905,0.000997266543775067,8.388676879016877,0.34406367007931576,0.9985445701157308,False,0.9934310257705912,0.988602078444519,0.9983073798239676,COMPLETE
28,-14.495569229125977,2026-09-30 20:24:40.021150,2026-09-30 20:24:42.972258,0 days 00:00:02.951108,0.8763238321957011,0.000612416356305489,8.785927473794807,0.8245390674330928,,,,,,PRUNED
29,-12.004036903381348,2026-09-30 20:24:43.245405,2026-09-30 20:24:46.713762,0 days 00:00:03.468357,0.7921063354727537,0.0003962162200475497,11.904287509154937,0.4704242587523474,,,,,,PRUNED
30,-4.815759181976318,2026-09-30 20:24:47.029523,2026-09-30 20:24:49.720961,0 days 00:00:02.691438,0.9265142719043477,0.0006714698295997738,16.843380059395656,0.5292564707182362,,,,,,PRUNED
31,0.9931743490351395,2026-09-30 20:24:50.022894,2026-09-30 20:25:00.266707,0 days 00:00:10.243813,0.8820348329519945,0.0009511293461814408,2.1143803216317476,0.336714278992979,0.998442405533,False,0.9931743490351395,0.9889243161604296,0.9974610697359513,COMPLETE
32,0.9931639800827075,2026-09-30 20:25:00.560790,2026-09-30 20:25:11.023225,0 days 00:00:10.462435,0.8643475527601412,0.0007964304480761642,3.5691055032792933,0.4028044389097717,0.9984499117362181,False,0.9931639800827075,0.9904056556135331,0.995937711577522,COMPLETE
33,0.9930128798720431,2026-09-30 20:25:11.318606,2026-09-30 20:25:21.625455,0 days 00:00:10.306849,0.8672032877161195,0.0009832976688880627,6.290350469305205,0.35084938406090627,0.998934147792672,False,0.9930128798720431,0.9877742421704907,0.9983073798239676,COMPLETE
34,-4.466998100280762,2026-09-30 20:25:21.915441,2026-09-30 20:25:24.684850,0 days 00:00:02.769409,0.7519660277809148,0.0007968044509920211,4.590955009153678,0.3832619636583593,,,,,,PRUNED
35,0.993514697212162,2026-09-30 20:25:24.959375,2026-09-30 20:25:35.299971,0 days 00:00:10.340596,0.8370306409975741,0.0009889265854648146,2.4288877713279415,0.4392776625654534,0.9983030250801158,False,0.993514697212162,0.9887678122380553,0.9983073798239676,COMPLETE
36,-4.121816158294678,2026-09-30 20:25:35.619205,2026-09-30 20:25:38.350165,0 days 00:00:02.730960,0.7861716778306004,0.0008224059618480628,6.836447981063586,0.6187033576896095,,,,,,PRUNED
37,-6.15030574798584,2026-09-30 20:25:38.604388,2026-09-30 20:25:41.423813,0 days 00:00:02.819425,0.7207250362687387,0.000701306222873192,3.1774645524051754,0.4994499377398805,,,,,,PRUNED
38,-5.776869297027588,2026-09-30 20:25:41.788812,2026-09-30 20:25:44.731042,0 days 00:00:02.942230,0.8216977164948396,0.0005402021898006012,5.853352626723321,0.4368913421432453,,,,,,PRUNED
39,-4.992015838623047,2026-09-30 20:25:45.024437,2026-09-30 20:25:47.939993,0 days 00:00:02.915556,0.6704385591593314,0.0008609420514083173,8.558635794965705,0.6890942658098185,,,,,,PRUNED
40,-15.799081802368164,2026-09-30 20:25:48.239426,2026-09-30 20:25:51.005199,0 days 00:00:02.765773,0.9020273249825409,0.00022250530979527752,10.868121970533931,0.5679241756042532,,,,,,PRUNED
41,,2026-09-30 20:25:51.328207,2026-09-30 20:25:54.937692,0 days 00:00:03.609485,0.8407512892311909,0.0009986504317167969,2.6922793180176594,0.3314821998161979,,,,,,FAIL
42,0.9938495239700059,2026-09-30 20:28:57.636855,2026-09-30 20:29:09.153086,0 days 00:00:11.516231,0.8469092440750365,0.0009687430966752302,2.7317594782844234,0.3339164133529442,0.9981993993662243,False,0.9938495239700059,0.9894313034725717,0.9983073798239676,COMPLETE
43,0.9932637251599865,2026-09-30 20:29:09.406036,2026-09-30 20:29:20.179561,0 days 00:00:10.773525,0.8401926756537818,0.000983775559362625,2.9182331760460327,0.396738537317713,0.9985262343521448,False,0.9932637251599865,0.9882707774798928,0.9983073798239676,COMPLETE
44,-4.493083477020264,2026-09-30 20:29:20.421279,2026-09-30 20:29:23.431499,0 days 00:00:03.010220,0.9474121367603584,0.0008763931875889736,2.6891339673503825,0.4096587580525344,,,,,,PRUNED
45,-0.40267279744148254,2026-09-30 20:29:23.657175,2026-09-30 20:29:31.343166,0 days 00:00:07.685991,0.8386413849959239,0.0007250545739707761,2.980275941408779,0.33316066612864115,,,,,,PRUNED
46,-7.748010158538818,2026-09-30 20:29:31.589646,2026-09-30 20:29:34.920533,0 days 00:00:03.330887,0.40650507791809354,0.0006332510165421504,13.216998861708767,0.38981744476987773,,,,,,PRUNED
47,0.992595085829687,2026-09-30 20:29:35.178444,2026-09-30 20:29:46.257488,0 days 00:00:11.079044,0.8020178203277774,0.0008822550358929839,5.221991643424392,0.5040706308908329,0.9986086879890206,False,0.992595085829687,0.9869477911646586,0.9983073798239676,COMPLETE
48,0.9933473684210526,2026-09-30 20:29:46.494171,2026-09-30 20:29:57.144071,0 days 00:00:10.649900,0.8554831018562915,0.000998428128450155,2.0400495874364917,0.45347019518253484,0.998261511765372,False,0.9933473684210526,0.9884364002011061,0.9983073798239676,COMPLETE
49,-15.866998672485352,2026-09-30 20:29:57.389541,2026-09-30 20:30:00.380898,0 days 00:00:02.991357,0.3053404874199874,0.00028987773225348383,2.02362494255416,0.4529694115199657,,,,,,PRUNED
50,-14.873096466064453,2026-09-30 20:30:00.634079,2026-09-30 20:30:03.903890,0 days 00:00:03.269811,0.7312141785977886,0.00014438793268473302,3.7839282125208635,0.32444784700460094,,,,,,PRUNED
